<?xml version="1.0" encoding="UTF-8"?>
<!-- Generated by org.testng.reporters.JUnitReportReporter -->
<testsuite hostname="Sravan" failures="0" tests="1" name="Testing" time="0.011" errors="0" timestamp="2024-04-22T18:52:06 IST" skipped="0">
  <testcase classname="Testing" name="test" time="0.011"/>
  <system-out/>
</testsuite> <!-- Testing -->
