<?xml version="1.0" encoding="UTF-8"?>
<!-- Generated by org.testng.reporters.JUnitReportReporter -->
<testsuite skipped="0" hostname="PC" name="hyderabad.prctoice3.ExceptionHandling" tests="1" failures="0" timestamp="2023-08-18T18:39:04 IST" time="0.012" errors="0">
  <testcase name="Test" time="0.012" classname="hyderabad.prctoice3.ExceptionHandling"/>
  <system-out/>
</testsuite> <!-- hyderabad.prctoice3.ExceptionHandling -->
