<?xml version="1.0" encoding="UTF-8"?>
<!-- Generated by org.testng.reporters.JUnitReportReporter -->
<testsuite hostname="Sravan" failures="0" tests="1" name="hyderabad.prctoice2.test" time="0.011" errors="0" timestamp="2024-04-27T15:35:30 IST" skipped="0">
  <testcase classname="hyderabad.prctoice2.test" name="test" time="0.011"/>
  <system-out/>
</testsuite> <!-- hyderabad.prctoice2.test -->
