<?xml version="1.0" encoding="UTF-8"?>
<!-- Generated by org.testng.reporters.JUnitReportReporter -->
<testsuite skipped="0" hostname="PC" name="hyderabad.prctoice3.InvocationCount" tests="7" failures="0" timestamp="2023-08-18T10:57:09 IST" time="0.045" errors="0">
  <testcase name="Test" time="0.005" classname="hyderabad.prctoice3.InvocationCount"/>
  <system-out/>
  <testcase name="Test" time="0.003" classname="hyderabad.prctoice3.InvocationCount"/>
  <system-out/>
  <testcase name="Test" time="0.005" classname="hyderabad.prctoice3.InvocationCount"/>
  <system-out/>
  <testcase name="Test" time="0.014" classname="hyderabad.prctoice3.InvocationCount"/>
  <system-out/>
  <testcase name="Test" time="0.005" classname="hyderabad.prctoice3.InvocationCount"/>
  <system-out/>
  <testcase name="Test" time="0.003" classname="hyderabad.prctoice3.InvocationCount"/>
  <system-out/>
  <testcase name="Test" time="0.010" classname="hyderabad.prctoice3.InvocationCount"/>
  <system-out/>
</testsuite> <!-- hyderabad.prctoice3.InvocationCount -->
